<?xml version="1.0" encoding="UTF-8"?>
<!-- Generated by org.testng.reporters.JUnitXMLReporter -->
<testsuite ignored="0" hostname="DESKTOP-A2N5J10" failures="0" tests="5" name="Test" time="4.268" errors="0" timestamp="2024-01-23T15:40:26 IST">
  <testcase classname="com.DBTest.DemoTest" name="deletemultiuser" time="1.96"/>
  <testcase classname="com.DBTest.DemoTest" name="getSingleusers" time="0.554"/>
  <testcase classname="com.DBTest.DemoTest" name="getmultipleusers" time="0.026"/>
  <testcase classname="com.DBTest.DemoTest" name="insertmultiUSer" time="0.046"/>
  <testcase classname="com.DBTest.DemoTest" name="updateMultipedata" time="0.059"/>
</testsuite> <!-- Test -->
