<?xml version="1.0" encoding="UTF-8"?>
<!-- Generated by org.testng.reporters.JUnitXMLReporter -->
<testsuite ignored="0" hostname="DESKTOP-A2N5J10" failures="0" tests="5" name="Test" time="1.976" errors="0" timestamp="2024-01-23T12:12:07 IST">
  <testcase classname="com.DBTest.DemoTest" name="deletemultiuser" time="0.851"/>
  <testcase classname="com.DBTest.DemoTest" name="getSingleusers" time="0.426"/>
  <testcase classname="com.DBTest.DemoTest" name="getmultipleusers" time="0.032"/>
  <testcase classname="com.DBTest.DemoTest" name="insertmultiUSer" time="0.039"/>
  <testcase classname="com.DBTest.DemoTest" name="updateMultipedata" time="0.097"/>
</testsuite> <!-- Test -->
