<?xml version="1.0" encoding="UTF-8"?>
<testng-results ignored="0" total="2" passed="2" failed="0" skipped="0">
  <reporter-output>
  </reporter-output>
  <suite started-at="2024-01-21T20:01:11 IST" name="Suite" finished-at="2024-01-21T20:01:12 IST" duration-ms="1071">
    <groups>
    </groups>
    <test started-at="2024-01-21T20:01:11 IST" name="Test" finished-at="2024-01-21T20:01:12 IST" duration-ms="1071">
      <class name="com.DBTest.DemoTest">
        <test-method signature="getSingleusers()[pri:0, instance:com.DBTest.DemoTest@5c1bd44c]" started-at="2024-01-21T20:01:11 IST" name="getSingleusers" finished-at="2024-01-21T20:01:11 IST" duration-ms="526" status="PASS">
          <reporter-output>
          </reporter-output>
        </test-method> <!-- getSingleusers -->
        <test-method signature="getmultipleusers()[pri:0, instance:com.DBTest.DemoTest@5c1bd44c]" started-at="2024-01-21T20:01:12 IST" name="getmultipleusers" finished-at="2024-01-21T20:01:12 IST" duration-ms="114" status="PASS">
          <reporter-output>
          </reporter-output>
        </test-method> <!-- getmultipleusers -->
        <test-method is-config="true" signature="closeDbConnection()[pri:0, instance:com.DBTest.DemoTest@5c1bd44c]" started-at="2024-01-21T20:01:12 IST" name="closeDbConnection" finished-at="2024-01-21T20:01:12 IST" duration-ms="14" status="PASS">
          <reporter-output>
          </reporter-output>
        </test-method> <!-- closeDbConnection -->
      </class> <!-- com.DBTest.DemoTest -->
    </test> <!-- Test -->
  </suite> <!-- Suite -->
</testng-results>
